#
# There is insufficient memory for the Java Runtime Environment to continue.
# Native memory allocation (malloc) failed to allocate 361136 bytes for Chunk::new
# Possible reasons:
#   The system is out of physical RAM or swap space
#   The process is running with CompressedOops enabled, and the Java Heap may be blocking the growth of the native heap
# Possible solutions:
#   Reduce memory load on the system
#   Increase physical memory or swap space
#   Check if swap backing store is full
#   Decrease Java heap size (-Xmx/-Xms)
#   Decrease number of Java threads
#   Decrease Java thread stack sizes (-Xss)
#   Set larger code cache with -XX:ReservedCodeCacheSize=
#   JVM is running with Zero Based Compressed Oops mode in which the Java heap is
#     placed in the first 32GB address space. The Java Heap base address is the
#     maximum limit for the native heap growth. Please use -XX:HeapBaseMinAddress
#     to set the Java Heap base and to place the Java Heap above 32GB virtual address.
# This output file may be truncated or incomplete.
#
#  Out of Memory Error (./open/src/hotspot/share/memory/arena.cpp:197), pid=6692, tid=6012
#
# JRE version: Java(TM) SE Runtime Environment 18.9 (11.0.12+8) (build 11.0.12+8-LTS-237)
# Java VM: Java HotSpot(TM) 64-Bit Server VM 18.9 (11.0.12+8-LTS-237, mixed mode, tiered, compressed oops, g1 gc, windows-amd64)
# No core dump will be written. Minidumps are not enabled by default on client versions of Windows
#

---------------  S U M M A R Y ------------

Command Line: -javaagent:C:\\Users\\Ilnur\\.m2\\repository\\org\\jacoco\\org.jacoco.agent\\0.8.5\\org.jacoco.agent-0.8.5-runtime.jar=destfile=C:\\MavenProjects\\Radio\\target\\jacoco.exec C:\Users\Ilnur\AppData\Local\Temp\surefire17608352881452009710\surefirebooter13405468606639498775.jar C:\Users\Ilnur\AppData\Local\Temp\surefire17608352881452009710 2021-11-22T09-44-23_457-jvmRun1 surefire9159466305985775698tmp surefire_015439398348210332230tmp

Host: Intel(R) Core(TM) i3-5005U CPU @ 2.00GHz, 4 cores, 11G,  Windows 10 , 64 bit Build 19041 (10.0.19041.1348)
Time: Mon Nov 22 09:44:25 2021 RTZ 2 (зима) elapsed time: 1.223471 seconds (0d 0h 0m 1s)

---------------  T H R E A D  ---------------

Current thread (0x000002e7f3278000):  JavaThread "C2 CompilerThread0" daemon [_thread_in_native, id=6012, stack(0x000000fdb3900000,0x000000fdb3a00000)]


Current CompileTask:
C2:   1223  819       4       org.jacoco.agent.rt.internal_43f5073.asm.commons.AnalyzerAdapter::execute (2009 bytes)

Stack: [0x000000fdb3900000,0x000000fdb3a00000]
Native frames: (J=compiled Java code, j=interpreted, Vv=VM code, C=native code)
V  [jvm.dll+0x617d9a]
V  [jvm.dll+0x74eeef]
V  [jvm.dll+0x750599]
V  [jvm.dll+0x750c23]
V  [jvm.dll+0x2438d8]
V  [jvm.dll+0xba6dc]
V  [jvm.dll+0xbac9c]
V  [jvm.dll+0x512439]
V  [jvm.dll+0x3147d2]
V  [jvm.dll+0x313aea]
V  [jvm.dll+0x1fd105]
V  [jvm.dll+0x1fc2ed]
V  [jvm.dll+0x17f18c]
V  [jvm.dll+0x20b87c]
V  [jvm.dll+0x20997b]
V  [jvm.dll+0x716359]
V  [jvm.dll+0x70f064]
V  [jvm.dll+0x616f66]
C  [ucrtbase.dll+0x21bb2]
C  [KERNEL32.DLL+0x17034]
C  [ntdll.dll+0x52651]


---------------  P R O C E S S  ---------------

Threads class SMR info:
_java_thread_list=0x000002e7f3c44f50, length=13, elements={
0x000002e7d1eac800, 0x000002e7f29e4000, 0x000002e7f29ee000, 0x000002e7f3268000,
0x000002e7f326a000, 0x000002e7f326b800, 0x000002e7f3278000, 0x000002e7f327d800,
0x000002e7f327e800, 0x000002e7f299f800, 0x000002e7f341a000, 0x000002e7f3b70800,
0x000002e7f394e000
}

Java Threads: ( => current thread )
  0x000002e7d1eac800 JavaThread "main" [_thread_blocked, id=11664, stack(0x000000fdb2d00000,0x000000fdb2e00000)]
  0x000002e7f29e4000 JavaThread "Reference Handler" daemon [_thread_blocked, id=6332, stack(0x000000fdb3400000,0x000000fdb3500000)]
  0x000002e7f29ee000 JavaThread "Finalizer" daemon [_thread_blocked, id=1580, stack(0x000000fdb3500000,0x000000fdb3600000)]
  0x000002e7f3268000 JavaThread "Signal Dispatcher" daemon [_thread_blocked, id=12352, stack(0x000000fdb3600000,0x000000fdb3700000)]
  0x000002e7f326a000 JavaThread "Attach Listener" daemon [_thread_blocked, id=3304, stack(0x000000fdb3700000,0x000000fdb3800000)]
  0x000002e7f326b800 JavaThread "Service Thread" daemon [_thread_blocked, id=8300, stack(0x000000fdb3800000,0x000000fdb3900000)]
=>0x000002e7f3278000 JavaThread "C2 CompilerThread0" daemon [_thread_in_native, id=6012, stack(0x000000fdb3900000,0x000000fdb3a00000)]
  0x000002e7f327d800 JavaThread "C1 CompilerThread0" daemon [_thread_in_native, id=2328, stack(0x000000fdb3a00000,0x000000fdb3b00000)]
  0x000002e7f327e800 JavaThread "Sweeper thread" daemon [_thread_blocked, id=9596, stack(0x000000fdb3b00000,0x000000fdb3c00000)]
  0x000002e7f299f800 JavaThread "Common-Cleaner" daemon [_thread_blocked, id=12920, stack(0x000000fdb3c00000,0x000000fdb3d00000)]
  0x000002e7f341a000 JavaThread "C2 CompilerThread1" daemon [_thread_in_native, id=9936, stack(0x000000fdb3d00000,0x000000fdb3e00000)]
  0x000002e7f3b70800 JavaThread "surefire-forkedjvm-command-thread" daemon [_thread_in_native, id=8180, stack(0x000000fdb3f00000,0x000000fdb4000000)]
  0x000002e7f394e000 JavaThread "surefire-forkedjvm-ping-30s" daemon [_thread_blocked, id=14008, stack(0x000000fdb4000000,0x000000fdb4100000)]

Other Threads:
  0x000002e7f29e2000 VMThread "VM Thread" [stack: 0x000000fdb3300000,0x000000fdb3400000] [id=8508]
  0x000002e7f37e8000 WatcherThread [stack: 0x000000fdb3e00000,0x000000fdb3f00000] [id=4268]
  0x000002e7d1ec1800 GCTaskThread "GC Thread#0" [stack: 0x000000fdb2e00000,0x000000fdb2f00000] [id=5716]
  0x000002e7f3966800 GCTaskThread "GC Thread#1" [stack: 0x000000fdb4100000,0x000000fdb4200000] [id=6080]
  0x000002e7f3a40000 GCTaskThread "GC Thread#2" [stack: 0x000000fdb4200000,0x000000fdb4300000] [id=10712]
  0x000002e7f3a4b000 GCTaskThread "GC Thread#3" [stack: 0x000000fdb4300000,0x000000fdb4400000] [id=13068]
  0x000002e7d1f07000 ConcurrentGCThread "G1 Main Marker" [stack: 0x000000fdb2f00000,0x000000fdb3000000] [id=7240]
  0x000002e7d1f09800 ConcurrentGCThread "G1 Conc#0" [stack: 0x000000fdb3000000,0x000000fdb3100000] [id=1348]
  0x000002e7d1f8e000 ConcurrentGCThread "G1 Refine#0" [stack: 0x000000fdb3100000,0x000000fdb3200000] [id=2600]
  0x000002e7f284e800 ConcurrentGCThread "G1 Young RemSet Sampling" [stack: 0x000000fdb3200000,0x000000fdb3300000] [id=11048]

Threads with active compile tasks:
C2 CompilerThread0   1306  819       4       org.jacoco.agent.rt.internal_43f5073.asm.commons.AnalyzerAdapter::execute (2009 bytes)
C1 CompilerThread0   1306 1086       3       sun.invoke.util.VerifyType::isNullConversion (157 bytes)
C2 CompilerThread1   1306  988       4       java.lang.StringLatin1::newString (17 bytes)

VM state:at safepoint (normal execution)

VM Mutex/Monitor currently owned by a thread:  ([mutex/lock_event])
[0x000002e7d1ea91b0] Threads_lock - owner thread: 0x000002e7f29e2000
[0x000002e7d1ea88b0] Heap_lock - owner thread: 0x000002e7d1f07000

Heap address: 0x0000000741400000, size: 3052 MB, Compressed Oops mode: Zero based, Oop shift amount: 3
Narrow klass base: 0x0000000800000000, Narrow klass shift: 0
Compressed class space size: 1073741824 Address: 0x0000000800000000

Heap:
 garbage-first heap   total 196608K, used 2475K [0x0000000741400000, 0x0000000800000000)
  region size 1024K, 3 young (3072K), 2 survivors (2048K)
 Metaspace       used 11907K, capacity 12192K, committed 12544K, reserved 1067008K
  class space    used 1092K, capacity 1172K, committed 1280K, reserved 1048576K
Heap Regions: E=young(eden), S=young(survivor), O=old, HS=humongous(starts), HC=humongous(continues), CS=collection set, F=free, A=archive, TAMS=top-at-mark-start (previous, next)
|   0|0x0000000741400000, 0x000000074146ac00, 0x0000000741500000| 41%| O|  |TAMS 0x0000000741400000, 0x000000074146ac00| Untracked 
|   1|0x0000000741500000, 0x0000000741500000, 0x0000000741600000|  0%| F|  |TAMS 0x0000000741500000, 0x0000000741500000| Untracked 
|   2|0x0000000741600000, 0x0000000741600000, 0x0000000741700000|  0%| F|  |TAMS 0x0000000741600000, 0x0000000741600000| Untracked 
|   3|0x0000000741700000, 0x0000000741700000, 0x0000000741800000|  0%| F|  |TAMS 0x0000000741700000, 0x0000000741700000| Untracked 
|   4|0x0000000741800000, 0x0000000741800000, 0x0000000741900000|  0%| F|  |TAMS 0x0000000741800000, 0x0000000741800000| Untracked 
|   5|0x0000000741900000, 0x0000000741900000, 0x0000000741a00000|  0%| F|  |TAMS 0x0000000741900000, 0x0000000741900000| Untracked 
|   6|0x0000000741a00000, 0x0000000741a00000, 0x0000000741b00000|  0%| F|  |TAMS 0x0000000741a00000, 0x0000000741a00000| Untracked 
|   7|0x0000000741b00000, 0x0000000741b00000, 0x0000000741c00000|  0%| F|  |TAMS 0x0000000741b00000, 0x0000000741b00000| Untracked 
|   8|0x0000000741c00000, 0x0000000741c00000, 0x0000000741d00000|  0%| F|  |TAMS 0x0000000741c00000, 0x0000000741c00000| Untracked 
|   9|0x0000000741d00000, 0x0000000741d00000, 0x0000000741e00000|  0%| F|  |TAMS 0x0000000741d00000, 0x0000000741d00000| Untracked 
|  10|0x0000000741e00000, 0x0000000741e00000, 0x0000000741f00000|  0%| F|  |TAMS 0x0000000741e00000, 0x0000000741e00000| Untracked 
|  11|0x0000000741f00000, 0x0000000741f00000, 0x0000000742000000|  0%| F|  |TAMS 0x0000000741f00000, 0x0000000741f00000| Untracked 
|  12|0x0000000742000000, 0x0000000742000000, 0x0000000742100000|  0%| F|  |TAMS 0x0000000742000000, 0x0000000742000000| Untracked 
|  13|0x0000000742100000, 0x0000000742100000, 0x0000000742200000|  0%| F|  |TAMS 0x0000000742100000, 0x0000000742100000| Untracked 
|  14|0x0000000742200000, 0x0000000742200000, 0x0000000742300000|  0%| F|  |TAMS 0x0000000742200000, 0x0000000742200000| Untracked 
|  15|0x0000000742300000, 0x0000000742300000, 0x0000000742400000|  0%| F|  |TAMS 0x0000000742300000, 0x0000000742300000| Untracked 
|  16|0x0000000742400000, 0x0000000742400000, 0x0000000742500000|  0%| F|  |TAMS 0x0000000742400000, 0x0000000742400000| Untracked 
|  17|0x0000000742500000, 0x0000000742500000, 0x0000000742600000|  0%| F|  |TAMS 0x0000000742500000, 0x0000000742500000| Untracked 
|  18|0x0000000742600000, 0x0000000742600000, 0x0000000742700000|  0%| F|  |TAMS 0x0000000742600000, 0x0000000742600000| Untracked 
|  19|0x0000000742700000, 0x0000000742700000, 0x0000000742800000|  0%| F|  |TAMS 0x0000000742700000, 0x0000000742700000| Untracked 
|  20|0x0000000742800000, 0x0000000742800000, 0x0000000742900000|  0%| F|  |TAMS 0x0000000742800000, 0x0000000742800000| Untracked 
|  21|0x0000000742900000, 0x0000000742900000, 0x0000000742a00000|  0%| F|  |TAMS 0x0000000742900000, 0x0000000742900000| Untracked 
|  22|0x0000000742a00000, 0x0000000742a00000, 0x0000000742b00000|  0%| F|  |TAMS 0x0000000742a00000, 0x0000000742a00000| Untracked 
|  23|0x0000000742b00000, 0x0000000742b00000, 0x0000000742c00000|  0%| F|  |TAMS 0x0000000742b00000, 0x0000000742b00000| Untracked 
|  24|0x0000000742c00000, 0x0000000742c00000, 0x0000000742d00000|  0%| F|  |TAMS 0x0000000742c00000, 0x0000000742c00000| Untracked 
|  25|0x0000000742d00000, 0x0000000742d00000, 0x0000000742e00000|  0%| F|  |TAMS 0x0000000742d00000, 0x0000000742d00000| Untracked 
|  26|0x0000000742e00000, 0x0000000742e00000, 0x0000000742f00000|  0%| F|  |TAMS 0x0000000742e00000, 0x0000000742e00000| Untracked 
|  27|0x0000000742f00000, 0x0000000742f00000, 0x0000000743000000|  0%| F|  |TAMS 0x0000000742f00000, 0x0000000742f00000| Untracked 
|  28|0x0000000743000000, 0x0000000743000000, 0x0000000743100000|  0%| F|  |TAMS 0x0000000743000000, 0x0000000743000000| Untracked 
|  29|0x0000000743100000, 0x0000000743100000, 0x0000000743200000|  0%| F|  |TAMS 0x0000000743100000, 0x0000000743100000| Untracked 
|  30|0x0000000743200000, 0x0000000743200000, 0x0000000743300000|  0%| F|  |TAMS 0x0000000743200000, 0x0000000743200000| Untracked 
|  31|0x0000000743300000, 0x0000000743300000, 0x0000000743400000|  0%| F|  |TAMS 0x0000000743300000, 0x0000000743300000| Untracked 
|  32|0x0000000743400000, 0x0000000743400000, 0x0000000743500000|  0%| F|  |TAMS 0x0000000743400000, 0x0000000743400000| Untracked 
|  33|0x0000000743500000, 0x0000000743500000, 0x0000000743600000|  0%| F|  |TAMS 0x0000000743500000, 0x0000000743500000| Untracked 
|  34|0x0000000743600000, 0x0000000743600000, 0x0000000743700000|  0%| F|  |TAMS 0x0000000743600000, 0x0000000743600000| Untracked 
|  35|0x0000000743700000, 0x0000000743700000, 0x0000000743800000|  0%| F|  |TAMS 0x0000000743700000, 0x0000000743700000| Untracked 
|  36|0x0000000743800000, 0x0000000743800000, 0x0000000743900000|  0%| F|  |TAMS 0x0000000743800000, 0x0000000743800000| Untracked 
|  37|0x0000000743900000, 0x0000000743900000, 0x0000000743a00000|  0%| F|  |TAMS 0x0000000743900000, 0x0000000743900000| Untracked 
|  38|0x0000000743a00000, 0x0000000743a00000, 0x0000000743b00000|  0%| F|  |TAMS 0x0000000743a00000, 0x0000000743a00000| Untracked 
|  39|0x0000000743b00000, 0x0000000743b00000, 0x0000000743c00000|  0%| F|  |TAMS 0x0000000743b00000, 0x0000000743b00000| Untracked 
|  40|0x0000000743c00000, 0x0000000743c00000, 0x0000000743d00000|  0%| F|  |TAMS 0x0000000743c00000, 0x0000000743c00000| Untracked 
|  41|0x0000000743d00000, 0x0000000743d00000, 0x0000000743e00000|  0%| F|  |TAMS 0x0000000743d00000, 0x0000000743d00000| Untracked 
|  42|0x0000000743e00000, 0x0000000743e00000, 0x0000000743f00000|  0%| F|  |TAMS 0x0000000743e00000, 0x0000000743e00000| Untracked 
|  43|0x0000000743f00000, 0x0000000743f00000, 0x0000000744000000|  0%| F|  |TAMS 0x0000000743f00000, 0x0000000743f00000| Untracked 
|  44|0x0000000744000000, 0x0000000744000000, 0x0000000744100000|  0%| F|  |TAMS 0x0000000744000000, 0x0000000744000000| Untracked 
|  45|0x0000000744100000, 0x0000000744100000, 0x0000000744200000|  0%| F|  |TAMS 0x0000000744100000, 0x0000000744100000| Untracked 
|  46|0x0000000744200000, 0x0000000744200000, 0x0000000744300000|  0%| F|  |TAMS 0x0000000744200000, 0x0000000744200000| Untracked 
|  47|0x0000000744300000, 0x0000000744300000, 0x0000000744400000|  0%| F|  |TAMS 0x0000000744300000, 0x0000000744300000| Untracked 
|  48|0x0000000744400000, 0x0000000744400000, 0x0000000744500000|  0%| F|  |TAMS 0x0000000744400000, 0x0000000744400000| Untracked 
|  49|0x0000000744500000, 0x0000000744500000, 0x0000000744600000|  0%| F|  |TAMS 0x0000000744500000, 0x0000000744500000| Untracked 
|  50|0x0000000744600000, 0x0000000744600000, 0x0000000744700000|  0%| F|  |TAMS 0x0000000744600000, 0x0000000744600000| Untracked 
|  51|0x0000000744700000, 0x0000000744700000, 0x0000000744800000|  0%| F|  |TAMS 0x0000000744700000, 0x0000000744700000| Untracked 
|  52|0x0000000744800000, 0x0000000744800000, 0x0000000744900000|  0%| F|  |TAMS 0x0000000744800000, 0x0000000744800000| Untracked 
|  53|0x0000000744900000, 0x0000000744900000, 0x0000000744a00000|  0%| F|  |TAMS 0x0000000744900000, 0x0000000744900000| Untracked 
|  54|0x0000000744a00000, 0x0000000744a00000, 0x0000000744b00000|  0%| F|  |TAMS 0x0000000744a00000, 0x0000000744a00000| Untracked 
|  55|0x0000000744b00000, 0x0000000744b00000, 0x0000000744c00000|  0%| F|  |TAMS 0x0000000744b00000, 0x0000000744b00000| Untracked 
|  56|0x0000000744c00000, 0x0000000744c00000, 0x0000000744d00000|  0%| F|  |TAMS 0x0000000744c00000, 0x0000000744c00000| Untracked 
|  57|0x0000000744d00000, 0x0000000744d00000, 0x0000000744e00000|  0%| F|  |TAMS 0x0000000744d00000, 0x0000000744d00000| Untracked 
|  58|0x0000000744e00000, 0x0000000744e00000, 0x0000000744f00000|  0%| F|  |TAMS 0x0000000744e00000, 0x0000000744e00000| Untracked 
|  59|0x0000000744f00000, 0x0000000744f00000, 0x0000000745000000|  0%| F|  |TAMS 0x0000000744f00000, 0x0000000744f00000| Untracked 
|  60|0x0000000745000000, 0x0000000745000000, 0x0000000745100000|  0%| F|  |TAMS 0x0000000745000000, 0x0000000745000000| Untracked 
|  61|0x0000000745100000, 0x0000000745100000, 0x0000000745200000|  0%| F|  |TAMS 0x0000000745100000, 0x0000000745100000| Untracked 
|  62|0x0000000745200000, 0x0000000745200000, 0x0000000745300000|  0%| F|  |TAMS 0x0000000745200000, 0x0000000745200000| Untracked 
|  63|0x0000000745300000, 0x0000000745300000, 0x0000000745400000|  0%| F|  |TAMS 0x0000000745300000, 0x0000000745300000| Untracked 
|  64|0x0000000745400000, 0x0000000745400000, 0x0000000745500000|  0%| F|  |TAMS 0x0000000745400000, 0x0000000745400000| Untracked 
|  65|0x0000000745500000, 0x0000000745500000, 0x0000000745600000|  0%| F|  |TAMS 0x0000000745500000, 0x0000000745500000| Untracked 
|  66|0x0000000745600000, 0x0000000745600000, 0x0000000745700000|  0%| F|  |TAMS 0x0000000745600000, 0x0000000745600000| Untracked 
|  67|0x0000000745700000, 0x0000000745700000, 0x0000000745800000|  0%| F|  |TAMS 0x0000000745700000, 0x0000000745700000| Untracked 
|  68|0x0000000745800000, 0x0000000745800000, 0x0000000745900000|  0%| F|  |TAMS 0x0000000745800000, 0x0000000745800000| Untracked 
|  69|0x0000000745900000, 0x0000000745900000, 0x0000000745a00000|  0%| F|  |TAMS 0x0000000745900000, 0x0000000745900000| Untracked 
|  70|0x0000000745a00000, 0x0000000745a00000, 0x0000000745b00000|  0%| F|  |TAMS 0x0000000745a00000, 0x0000000745a00000| Untracked 
|  71|0x0000000745b00000, 0x0000000745b00000, 0x0000000745c00000|  0%| F|  |TAMS 0x0000000745b00000, 0x0000000745b00000| Untracked 
|  72|0x0000000745c00000, 0x0000000745c00000, 0x0000000745d00000|  0%| F|  |TAMS 0x0000000745c00000, 0x0000000745c00000| Untracked 
|  73|0x0000000745d00000, 0x0000000745d00000, 0x0000000745e00000|  0%| F|  |TAMS 0x0000000745d00000, 0x0000000745d00000| Untracked 
|  74|0x0000000745e00000, 0x0000000745e00000, 0x0000000745f00000|  0%| F|  |TAMS 0x0000000745e00000, 0x0000000745e00000| Untracked 
|  75|0x0000000745f00000, 0x0000000745f00000, 0x0000000746000000|  0%| F|  |TAMS 0x0000000745f00000, 0x0000000745f00000| Untracked 
|  76|0x0000000746000000, 0x0000000746000000, 0x0000000746100000|  0%| F|  |TAMS 0x0000000746000000, 0x0000000746000000| Untracked 
|  77|0x0000000746100000, 0x0000000746100000, 0x0000000746200000|  0%| F|  |TAMS 0x0000000746100000, 0x0000000746100000| Untracked 
|  78|0x0000000746200000, 0x0000000746200000, 0x0000000746300000|  0%| F|  |TAMS 0x0000000746200000, 0x0000000746200000| Untracked 
|  79|0x0000000746300000, 0x0000000746300000, 0x0000000746400000|  0%| F|  |TAMS 0x0000000746300000, 0x0000000746300000| Untracked 
|  80|0x0000000746400000, 0x0000000746400000, 0x0000000746500000|  0%| F|  |TAMS 0x0000000746400000, 0x0000000746400000| Untracked 
|  81|0x0000000746500000, 0x0000000746500000, 0x0000000746600000|  0%| F|  |TAMS 0x0000000746500000, 0x0000000746500000| Untracked 
|  82|0x0000000746600000, 0x0000000746600000, 0x0000000746700000|  0%| F|  |TAMS 0x0000000746600000, 0x0000000746600000| Untracked 
|  83|0x0000000746700000, 0x0000000746700000, 0x0000000746800000|  0%| F|  |TAMS 0x0000000746700000, 0x0000000746700000| Untracked 
|  84|0x0000000746800000, 0x0000000746800000, 0x0000000746900000|  0%| F|  |TAMS 0x0000000746800000, 0x0000000746800000| Untracked 
|  85|0x0000000746900000, 0x0000000746900000, 0x0000000746a00000|  0%| F|  |TAMS 0x0000000746900000, 0x0000000746900000| Untracked 
|  86|0x0000000746a00000, 0x0000000746a00000, 0x0000000746b00000|  0%| F|  |TAMS 0x0000000746a00000, 0x0000000746a00000| Untracked 
|  87|0x0000000746b00000, 0x0000000746b00000, 0x0000000746c00000|  0%| F|  |TAMS 0x0000000746b00000, 0x0000000746b00000| Untracked 
|  88|0x0000000746c00000, 0x0000000746c00000, 0x0000000746d00000|  0%| F|  |TAMS 0x0000000746c00000, 0x0000000746c00000| Untracked 
|  89|0x0000000746d00000, 0x0000000746d00000, 0x0000000746e00000|  0%| F|  |TAMS 0x0000000746d00000, 0x0000000746d00000| Untracked 
|  90|0x0000000746e00000, 0x0000000746e00000, 0x0000000746f00000|  0%| F|  |TAMS 0x0000000746e00000, 0x0000000746e00000| Untracked 
|  91|0x0000000746f00000, 0x0000000746f00000, 0x0000000747000000|  0%| F|  |TAMS 0x0000000746f00000, 0x0000000746f00000| Untracked 
|  92|0x0000000747000000, 0x0000000747000000, 0x0000000747100000|  0%| F|  |TAMS 0x0000000747000000, 0x0000000747000000| Untracked 
|  93|0x0000000747100000, 0x0000000747100000, 0x0000000747200000|  0%| F|  |TAMS 0x0000000747100000, 0x0000000747100000| Untracked 
|  94|0x0000000747200000, 0x0000000747200000, 0x0000000747300000|  0%| F|  |TAMS 0x0000000747200000, 0x0000000747200000| Untracked 
|  95|0x0000000747300000, 0x0000000747300000, 0x0000000747400000|  0%| F|  |TAMS 0x0000000747300000, 0x0000000747300000| Untracked 
|  96|0x0000000747400000, 0x0000000747400000, 0x0000000747500000|  0%| F|  |TAMS 0x0000000747400000, 0x0000000747400000| Untracked 
|  97|0x0000000747500000, 0x0000000747500000, 0x0000000747600000|  0%| F|  |TAMS 0x0000000747500000, 0x0000000747500000| Untracked 
|  98|0x0000000747600000, 0x0000000747600000, 0x0000000747700000|  0%| F|  |TAMS 0x0000000747600000, 0x0000000747600000| Untracked 
|  99|0x0000000747700000, 0x0000000747700000, 0x0000000747800000|  0%| F|  |TAMS 0x0000000747700000, 0x0000000747700000| Untracked 
| 100|0x0000000747800000, 0x0000000747800000, 0x0000000747900000|  0%| F|  |TAMS 0x0000000747800000, 0x0000000747800000| Untracked 
| 101|0x0000000747900000, 0x0000000747900000, 0x0000000747a00000|  0%| F|  |TAMS 0x0000000747900000, 0x0000000747900000| Untracked 
| 102|0x0000000747a00000, 0x0000000747a00000, 0x0000000747b00000|  0%| F|  |TAMS 0x0000000747a00000, 0x0000000747a00000| Untracked 
| 103|0x0000000747b00000, 0x0000000747b00000, 0x0000000747c00000|  0%| F|  |TAMS 0x0000000747b00000, 0x0000000747b00000| Untracked 
| 104|0x0000000747c00000, 0x0000000747c00000, 0x0000000747d00000|  0%| F|  |TAMS 0x0000000747c00000, 0x0000000747c00000| Untracked 
| 105|0x0000000747d00000, 0x0000000747d00000, 0x0000000747e00000|  0%| F|  |TAMS 0x0000000747d00000, 0x0000000747d00000| Untracked 
| 106|0x0000000747e00000, 0x0000000747e00000, 0x0000000747f00000|  0%| F|  |TAMS 0x0000000747e00000, 0x0000000747e00000| Untracked 
| 107|0x0000000747f00000, 0x0000000747f00000, 0x0000000748000000|  0%| F|  |TAMS 0x0000000747f00000, 0x0000000747f00000| Untracked 
| 108|0x0000000748000000, 0x0000000748000000, 0x0000000748100000|  0%| F|  |TAMS 0x0000000748000000, 0x0000000748000000| Untracked 
| 109|0x0000000748100000, 0x0000000748100000, 0x0000000748200000|  0%| F|  |TAMS 0x0000000748100000, 0x0000000748100000| Untracked 
| 110|0x0000000748200000, 0x0000000748200000, 0x0000000748300000|  0%| F|  |TAMS 0x0000000748200000, 0x0000000748200000| Untracked 
| 111|0x0000000748300000, 0x0000000748300000, 0x0000000748400000|  0%| F|  |TAMS 0x0000000748300000, 0x0000000748300000| Untracked 
| 112|0x0000000748400000, 0x0000000748400000, 0x0000000748500000|  0%| F|  |TAMS 0x0000000748400000, 0x0000000748400000| Untracked 
| 113|0x0000000748500000, 0x0000000748500000, 0x0000000748600000|  0%| F|  |TAMS 0x0000000748500000, 0x0000000748500000| Untracked 
| 114|0x0000000748600000, 0x0000000748600000, 0x0000000748700000|  0%| F|  |TAMS 0x0000000748600000, 0x0000000748600000| Untracked 
| 115|0x0000000748700000, 0x0000000748700000, 0x0000000748800000|  0%| F|  |TAMS 0x0000000748700000, 0x0000000748700000| Untracked 
| 116|0x0000000748800000, 0x0000000748800000, 0x0000000748900000|  0%| F|  |TAMS 0x0000000748800000, 0x0000000748800000| Untracked 
| 117|0x0000000748900000, 0x0000000748900000, 0x0000000748a00000|  0%| F|  |TAMS 0x0000000748900000, 0x0000000748900000| Untracked 
| 118|0x0000000748a00000, 0x0000000748a00000, 0x0000000748b00000|  0%| F|  |TAMS 0x0000000748a00000, 0x0000000748a00000| Untracked 
| 119|0x0000000748b00000, 0x0000000748b00000, 0x0000000748c00000|  0%| F|  |TAMS 0x0000000748b00000, 0x0000000748b00000| Untracked 
| 120|0x0000000748c00000, 0x0000000748c00000, 0x0000000748d00000|  0%| F|  |TAMS 0x0000000748c00000, 0x0000000748c00000| Untracked 
| 121|0x0000000748d00000, 0x0000000748d00000, 0x0000000748e00000|  0%| F|  |TAMS 0x0000000748d00000, 0x0000000748d00000| Untracked 
| 122|0x0000000748e00000, 0x0000000748e00000, 0x0000000748f00000|  0%| F|  |TAMS 0x0000000748e00000, 0x0000000748e00000| Untracked 
| 123|0x0000000748f00000, 0x0000000748f00000, 0x0000000749000000|  0%| F|  |TAMS 0x0000000748f00000, 0x0000000748f00000| Untracked 
| 124|0x0000000749000000, 0x0000000749000000, 0x0000000749100000|  0%| F|  |TAMS 0x0000000749000000, 0x0000000749000000| Untracked 
| 125|0x0000000749100000, 0x0000000749100000, 0x0000000749200000|  0%| F|  |TAMS 0x0000000749100000, 0x0000000749100000| Untracked 
| 126|0x0000000749200000, 0x0000000749200000, 0x0000000749300000|  0%| F|  |TAMS 0x0000000749200000, 0x0000000749200000| Untracked 
| 127|0x0000000749300000, 0x0000000749300000, 0x0000000749400000|  0%| F|  |TAMS 0x0000000749300000, 0x0000000749300000| Untracked 
| 128|0x0000000749400000, 0x0000000749400000, 0x0000000749500000|  0%| F|  |TAMS 0x0000000749400000, 0x0000000749400000| Untracked 
| 129|0x0000000749500000, 0x0000000749500000, 0x0000000749600000|  0%| F|  |TAMS 0x0000000749500000, 0x0000000749500000| Untracked 
| 130|0x0000000749600000, 0x0000000749600000, 0x0000000749700000|  0%| F|  |TAMS 0x0000000749600000, 0x0000000749600000| Untracked 
| 131|0x0000000749700000, 0x0000000749700000, 0x0000000749800000|  0%| F|  |TAMS 0x0000000749700000, 0x0000000749700000| Untracked 
| 132|0x0000000749800000, 0x0000000749800000, 0x0000000749900000|  0%| F|  |TAMS 0x0000000749800000, 0x0000000749800000| Untracked 
| 133|0x0000000749900000, 0x0000000749900000, 0x0000000749a00000|  0%| F|  |TAMS 0x0000000749900000, 0x0000000749900000| Untracked 
| 134|0x0000000749a00000, 0x0000000749a00000, 0x0000000749b00000|  0%| F|  |TAMS 0x0000000749a00000, 0x0000000749a00000| Untracked 
| 135|0x0000000749b00000, 0x0000000749b00000, 0x0000000749c00000|  0%| F|  |TAMS 0x0000000749b00000, 0x0000000749b00000| Untracked 
| 136|0x0000000749c00000, 0x0000000749c00000, 0x0000000749d00000|  0%| F|  |TAMS 0x0000000749c00000, 0x0000000749c00000| Untracked 
| 137|0x0000000749d00000, 0x0000000749d00000, 0x0000000749e00000|  0%| F|  |TAMS 0x0000000749d00000, 0x0000000749d00000| Untracked 
| 138|0x0000000749e00000, 0x0000000749e00000, 0x0000000749f00000|  0%| F|  |TAMS 0x0000000749e00000, 0x0000000749e00000| Untracked 
| 139|0x0000000749f00000, 0x0000000749f00000, 0x000000074a000000|  0%| F|  |TAMS 0x0000000749f00000, 0x0000000749f00000| Untracked 
| 140|0x000000074a000000, 0x000000074a000000, 0x000000074a100000|  0%| F|  |TAMS 0x000000074a000000, 0x000000074a000000| Untracked 
| 141|0x000000074a100000, 0x000000074a100000, 0x000000074a200000|  0%| F|  |TAMS 0x000000074a100000, 0x000000074a100000| Untracked 
| 142|0x000000074a200000, 0x000000074a200000, 0x000000074a300000|  0%| F|  |TAMS 0x000000074a200000, 0x000000074a200000| Untracked 
| 143|0x000000074a300000, 0x000000074a300000, 0x000000074a400000|  0%| F|  |TAMS 0x000000074a300000, 0x000000074a300000| Untracked 
| 144|0x000000074a400000, 0x000000074a400000, 0x000000074a500000|  0%| F|  |TAMS 0x000000074a400000, 0x000000074a400000| Untracked 
| 145|0x000000074a500000, 0x000000074a500000, 0x000000074a600000|  0%| F|  |TAMS 0x000000074a500000, 0x000000074a500000| Untracked 
| 146|0x000000074a600000, 0x000000074a600000, 0x000000074a700000|  0%| F|  |TAMS 0x000000074a600000, 0x000000074a600000| Untracked 
| 147|0x000000074a700000, 0x000000074a700000, 0x000000074a800000|  0%| F|  |TAMS 0x000000074a700000, 0x000000074a700000| Untracked 
| 148|0x000000074a800000, 0x000000074a800000, 0x000000074a900000|  0%| F|  |TAMS 0x000000074a800000, 0x000000074a800000| Untracked 
| 149|0x000000074a900000, 0x000000074a900000, 0x000000074aa00000|  0%| F|  |TAMS 0x000000074a900000, 0x000000074a900000| Untracked 
| 150|0x000000074aa00000, 0x000000074aa00000, 0x000000074ab00000|  0%| F|  |TAMS 0x000000074aa00000, 0x000000074aa00000| Untracked 
| 151|0x000000074ab00000, 0x000000074ab00000, 0x000000074ac00000|  0%| F|  |TAMS 0x000000074ab00000, 0x000000074ab00000| Untracked 
| 152|0x000000074ac00000, 0x000000074ac00000, 0x000000074ad00000|  0%| F|  |TAMS 0x000000074ac00000, 0x000000074ac00000| Untracked 
| 153|0x000000074ad00000, 0x000000074ad00000, 0x000000074ae00000|  0%| F|  |TAMS 0x000000074ad00000, 0x000000074ad00000| Untracked 
| 154|0x000000074ae00000, 0x000000074ae00000, 0x000000074af00000|  0%| F|  |TAMS 0x000000074ae00000, 0x000000074ae00000| Untracked 
| 155|0x000000074af00000, 0x000000074af00000, 0x000000074b000000|  0%| F|  |TAMS 0x000000074af00000, 0x000000074af00000| Untracked 
| 156|0x000000074b000000, 0x000000074b000000, 0x000000074b100000|  0%| F|  |TAMS 0x000000074b000000, 0x000000074b000000| Untracked 
| 157|0x000000074b100000, 0x000000074b100000, 0x000000074b200000|  0%| F|  |TAMS 0x000000074b100000, 0x000000074b100000| Untracked 
| 158|0x000000074b200000, 0x000000074b200000, 0x000000074b300000|  0%| F|  |TAMS 0x000000074b200000, 0x000000074b200000| Untracked 
| 159|0x000000074b300000, 0x000000074b300000, 0x000000074b400000|  0%| F|  |TAMS 0x000000074b300000, 0x000000074b300000| Untracked 
| 160|0x000000074b400000, 0x000000074b400000, 0x000000074b500000|  0%| F|  |TAMS 0x000000074b400000, 0x000000074b400000| Untracked 
| 161|0x000000074b500000, 0x000000074b500000, 0x000000074b600000|  0%| F|  |TAMS 0x000000074b500000, 0x000000074b500000| Untracked 
| 162|0x000000074b600000, 0x000000074b600000, 0x000000074b700000|  0%| F|  |TAMS 0x000000074b600000, 0x000000074b600000| Untracked 
| 163|0x000000074b700000, 0x000000074b700000, 0x000000074b800000|  0%| F|  |TAMS 0x000000074b700000, 0x000000074b700000| Untracked 
| 164|0x000000074b800000, 0x000000074b800000, 0x000000074b900000|  0%| F|  |TAMS 0x000000074b800000, 0x000000074b800000| Untracked 
| 165|0x000000074b900000, 0x000000074b900000, 0x000000074ba00000|  0%| F|  |TAMS 0x000000074b900000, 0x000000074b900000| Untracked 
| 166|0x000000074ba00000, 0x000000074ba00000, 0x000000074bb00000|  0%| F|  |TAMS 0x000000074ba00000, 0x000000074ba00000| Untracked 
| 167|0x000000074bb00000, 0x000000074bb00000, 0x000000074bc00000|  0%| F|  |TAMS 0x000000074bb00000, 0x000000074bb00000| Untracked 
| 168|0x000000074bc00000, 0x000000074bc00000, 0x000000074bd00000|  0%| F|  |TAMS 0x000000074bc00000, 0x000000074bc00000| Untracked 
| 169|0x000000074bd00000, 0x000000074bd00000, 0x000000074be00000|  0%| F|  |TAMS 0x000000074bd00000, 0x000000074bd00000| Untracked 
| 170|0x000000074be00000, 0x000000074be00000, 0x000000074bf00000|  0%| F|  |TAMS 0x000000074be00000, 0x000000074be00000| Untracked 
| 171|0x000000074bf00000, 0x000000074bf00000, 0x000000074c000000|  0%| F|  |TAMS 0x000000074bf00000, 0x000000074bf00000| Untracked 
| 172|0x000000074c000000, 0x000000074c000000, 0x000000074c100000|  0%| F|  |TAMS 0x000000074c000000, 0x000000074c000000| Untracked 
| 173|0x000000074c100000, 0x000000074c100000, 0x000000074c200000|  0%| F|  |TAMS 0x000000074c100000, 0x000000074c100000| Untracked 
| 174|0x000000074c200000, 0x000000074c200000, 0x000000074c300000|  0%| F|  |TAMS 0x000000074c200000, 0x000000074c200000| Untracked 
| 175|0x000000074c300000, 0x000000074c300000, 0x000000074c400000|  0%| F|  |TAMS 0x000000074c300000, 0x000000074c300000| Untracked 
| 176|0x000000074c400000, 0x000000074c400000, 0x000000074c500000|  0%| F|  |TAMS 0x000000074c400000, 0x000000074c400000| Untracked 
| 177|0x000000074c500000, 0x000000074c500000, 0x000000074c600000|  0%| F|  |TAMS 0x000000074c500000, 0x000000074c500000| Untracked 
| 178|0x000000074c600000, 0x000000074c600000, 0x000000074c700000|  0%| F|  |TAMS 0x000000074c600000, 0x000000074c600000| Untracked 
| 179|0x000000074c700000, 0x000000074c700000, 0x000000074c800000|  0%| F|  |TAMS 0x000000074c700000, 0x000000074c700000| Untracked 
| 180|0x000000074c800000, 0x000000074c900000, 0x000000074c900000|100%| S|CS|TAMS 0x000000074c800000, 0x000000074c800000| Complete 
| 181|0x000000074c900000, 0x000000074ca00000, 0x000000074ca00000|100%| S|CS|TAMS 0x000000074c900000, 0x000000074c900000| Complete 
| 182|0x000000074ca00000, 0x000000074ca00000, 0x000000074cb00000|  0%| F|  |TAMS 0x000000074ca00000, 0x000000074ca00000| Untracked 
| 183|0x000000074cb00000, 0x000000074cb00000, 0x000000074cc00000|  0%| F|  |TAMS 0x000000074cb00000, 0x000000074cb00000| Untracked 
| 184|0x000000074cc00000, 0x000000074cc00000, 0x000000074cd00000|  0%| F|  |TAMS 0x000000074cc00000, 0x000000074cc00000| Untracked 
| 185|0x000000074cd00000, 0x000000074cd00000, 0x000000074ce00000|  0%| F|  |TAMS 0x000000074cd00000, 0x000000074cd00000| Untracked 
| 186|0x000000074ce00000, 0x000000074ce00000, 0x000000074cf00000|  0%| F|  |TAMS 0x000000074ce00000, 0x000000074ce00000| Untracked 
| 187|0x000000074cf00000, 0x000000074cf00000, 0x000000074d000000|  0%| F|  |TAMS 0x000000074cf00000, 0x000000074cf00000| Untracked 
| 188|0x000000074d000000, 0x000000074d000000, 0x000000074d100000|  0%| F|  |TAMS 0x000000074d000000, 0x000000074d000000| Untracked 
| 189|0x000000074d100000, 0x000000074d100000, 0x000000074d200000|  0%| F|  |TAMS 0x000000074d100000, 0x000000074d100000| Untracked 
| 190|0x000000074d200000, 0x000000074d200000, 0x000000074d300000|  0%| F|  |TAMS 0x000000074d200000, 0x000000074d200000| Untracked 
| 191|0x000000074d300000, 0x000000074d380000, 0x000000074d400000| 50%| E|  |TAMS 0x000000074d300000, 0x000000074d300000| Complete 

Card table byte_map: [0x000002e7e9970000,0x000002e7e9f70000] _byte_map_base: 0x000002e7e5f66000

Marking Bits (Prev, Next): (CMBitMap*) 0x000002e7d1ef9e38, (CMBitMap*) 0x000002e7d1ef9e70
 Prev Bits: [0x000002e7ea570000, 0x000002e7ed520000)
 Next Bits: [0x000002e7ed520000, 0x000002e7f04d0000)

Polling page: 0x000002e7cfe70000

Metaspace:

Usage:
  Non-class:     10.76 MB capacity,    10.56 MB ( 98%) used,   187.48 KB (  2%) free+waste,    17.50 KB ( <1%) overhead. 
      Class:      1.14 MB capacity,     1.07 MB ( 93%) used,    71.22 KB (  6%) free+waste,     8.06 KB ( <1%) overhead. 
       Both:     11.91 MB capacity,    11.63 MB ( 98%) used,   258.70 KB (  2%) free+waste,    25.56 KB ( <1%) overhead. 

Virtual space:
  Non-class space:       18.00 MB reserved,      11.00 MB ( 61%) committed 
      Class space:        1.00 GB reserved,       1.25 MB ( <1%) committed 
             Both:        1.02 GB reserved,      12.25 MB (  1%) committed 

Chunk freelists:
   Non-Class:  6.50 KB
       Class:  1.50 KB
        Both:  8.00 KB

CodeHeap 'non-profiled nmethods': size=120064Kb used=313Kb max_used=313Kb free=119750Kb
 bounds [0x000002e7e1e30000, 0x000002e7e20a0000, 0x000002e7e9370000]
CodeHeap 'profiled nmethods': size=120000Kb used=2322Kb max_used=2322Kb free=117677Kb
 bounds [0x000002e7da900000, 0x000002e7dab70000, 0x000002e7e1e30000]
CodeHeap 'non-nmethods': size=5696Kb used=1100Kb max_used=1116Kb free=4595Kb
 bounds [0x000002e7da370000, 0x000002e7da5e0000, 0x000002e7da900000]
 total_blobs=1488 nmethods=1080 adapters=320
 compilation: enabled
              stopped_count=0, restarted_count=0
 full_count=0

Compilation events (10 events):
Event: 1.209 Thread 0x000002e7f327d800 1076       1       java.util.concurrent.CopyOnWriteArrayList::setArray (6 bytes)
Event: 1.209 Thread 0x000002e7f327d800 nmethod 1076 0x000002e7e1e7c810 code [0x000002e7e1e7c9a0, 0x000002e7e1e7cab8]
Event: 1.209 Thread 0x000002e7f327d800 1077       1       java.nio.Buffer::position (5 bytes)
Event: 1.210 Thread 0x000002e7f327d800 nmethod 1077 0x000002e7e1e7cb10 code [0x000002e7e1e7cca0, 0x000002e7e1e7cd58]
Event: 1.210 Thread 0x000002e7f327d800 1078       3       jdk.internal.jimage.ImageStringsReader::unmaskedHashCode (173 bytes)
Event: 1.212 Thread 0x000002e7f327d800 nmethod 1078 0x000002e7dab41f10 code [0x000002e7dab42160, 0x000002e7dab42db8]
Event: 1.212 Thread 0x000002e7f327d800 1079       3       java.util.concurrent.ConcurrentHashMap$BaseIterator::hasNext (13 bytes)
Event: 1.212 Thread 0x000002e7f327d800 nmethod 1079 0x000002e7dab43310 code [0x000002e7dab434a0, 0x000002e7dab435f8]
Event: 1.212 Thread 0x000002e7f341a000 nmethod 1051 0x000002e7e1e7ce10 code [0x000002e7e1e7cfc0, 0x000002e7e1e7d4c8]
Event: 1.213 Thread 0x000002e7f341a000 1010       4       org.jacoco.agent.rt.internal_43f5073.asm.tree.LineNumberNode::accept (16 bytes)

GC Heap History (2 events):
Event: 0.901 GC heap before
{Heap before GC invocations=0 (full 0):
 garbage-first heap   total 196608K, used 14336K [0x0000000741400000, 0x0000000800000000)
  region size 1024K, 14 young (14336K), 0 survivors (0K)
 Metaspace       used 10646K, capacity 10897K, committed 11008K, reserved 1058816K
  class space    used 967K, capacity 1012K, committed 1024K, reserved 1048576K
}
Event: 0.912 GC heap after
{Heap after GC invocations=1 (full 0):
 garbage-first heap   total 196608K, used 2475K [0x0000000741400000, 0x0000000800000000)
  region size 1024K, 2 young (2048K), 2 survivors (2048K)
 Metaspace       used 10646K, capacity 10897K, committed 11008K, reserved 1058816K
  class space    used 967K, capacity 1012K, committed 1024K, reserved 1048576K
}

Deoptimization events (10 events):
Event: 0.842 Thread 0x000002e7d1eac800 Uncommon trap: reason=unstable_if action=reinterpret pc=0x000002e7e1e4a378 method=java.lang.String.isLatin1()Z @ 10 c2
Event: 0.853 Thread 0x000002e7d1eac800 Uncommon trap: reason=unstable_if action=reinterpret pc=0x000002e7e1e55190 method=java.lang.StringLatin1.canEncode(I)Z @ 4 c2
Event: 0.853 Thread 0x000002e7d1eac800 Uncommon trap: reason=unstable_if action=reinterpret pc=0x000002e7e1e548f0 method=java.lang.AbstractStringBuilder.isLatin1()Z @ 10 c2
Event: 0.853 Thread 0x000002e7d1eac800 Uncommon trap: reason=unstable_if action=reinterpret pc=0x000002e7e1e496f8 method=java.lang.AbstractStringBuilder.isLatin1()Z @ 10 c2
Event: 0.857 Thread 0x000002e7d1eac800 Uncommon trap: reason=unstable_if action=reinterpret pc=0x000002e7e1e3b994 method=java.lang.String.isLatin1()Z @ 10 c2
Event: 1.058 Thread 0x000002e7f394e000 Uncommon trap: reason=unstable_if action=reinterpret pc=0x000002e7e1e64558 method=java.lang.AbstractStringBuilder.putStringAt(ILjava/lang/String;)V @ 8 c2
Event: 1.059 Thread 0x000002e7f394e000 Uncommon trap: reason=unstable_if action=reinterpret pc=0x000002e7e1e5d13c method=java.lang.AbstractStringBuilder.putStringAt(ILjava/lang/String;)V @ 8 c2
Event: 1.059 Thread 0x000002e7f394e000 Uncommon trap: reason=unstable_if action=reinterpret pc=0x000002e7e1e560f0 method=java.lang.String.getBytes([BIB)V @ 5 c2
Event: 1.130 Thread 0x000002e7d1eac800 Uncommon trap: reason=unstable_if action=reinterpret pc=0x000002e7e1e5d798 method=org.jacoco.agent.rt.internal_43f5073.asm.MethodVisitor.visitLineNumber(ILorg/jacoco/agent/rt/internal_43f5073/asm/Label;)V @ 4 c2
Event: 1.130 Thread 0x000002e7d1eac800 Uncommon trap: reason=unstable_if action=reinterpret pc=0x000002e7e1e71364 method=org.jacoco.agent.rt.internal_43f5073.asm.MethodVisitor.visitMethodInsn(ILjava/lang/String;Ljava/lang/String;Ljava/lang/String;Z)V @ 58 c2

Classes redefined (0 events):
No events

Internal exceptions (9 events):
Event: 0.467 Thread 0x000002e7d1eac800 Exception <a 'java/lang/NoSuchMethodError'{0x000000074d0c91e8}: java.lang.invoke.DirectMethodHandle$Holder.invokeSpecialIFC(Ljava/lang/Object;Ljava/lang/Object;I)I> (0x000000074d0c91e8) thrown at [./open/src/hotspot/share/interpreter/linkResolver.cpp, lin
Event: 0.674 Thread 0x000002e7d1eac800 Exception <a 'java/lang/NoSuchMethodError'{0x000000074ccfeb10}: java.lang.invoke.DirectMethodHandle$Holder.invokeStaticInit(Ljava/lang/Object;Ljava/lang/Object;Ljava/lang/Object;)Ljava/lang/Object;> (0x000000074ccfeb10) thrown at [./open/src/hotspot/share
Event: 0.799 Thread 0x000002e7d1eac800 Exception <a 'java/lang/NoSuchMethodError'{0x000000074c842e28}: java.lang.invoke.DirectMethodHandle$Holder.invokeStaticInit(Ljava/lang/Object;Ljava/lang/Object;Ljava/lang/Object;Ljava/lang/Object;)Ljava/lang/Object;> (0x000000074c842e28) thrown at [./open
Event: 0.801 Thread 0x000002e7d1eac800 Exception <a 'java/lang/NoSuchMethodError'{0x000000074c846978}: java.lang.invoke.Invokers$Holder.invoke_MT(Ljava/lang/Object;Ljava/lang/Object;Ljava/lang/Object;Ljava/lang/Object;Ljava/lang/Object;)Ljava/lang/Object;> (0x000000074c846978) thrown at [./ope
Event: 1.040 Thread 0x000002e7f394e000 Exception <a 'java/lang/NoSuchMethodError'{0x000000074cfbb860}: java.lang.invoke.DirectMethodHandle$Holder.invokeStatic(Ljava/lang/Object;J)V> (0x000000074cfbb860) thrown at [./open/src/hotspot/share/interpreter/linkResolver.cpp, line 772]
Event: 1.041 Thread 0x000002e7f394e000 Exception <a 'java/lang/NoSuchMethodError'{0x000000074cfc0800}: java.lang.invoke.DirectMethodHandle$Holder.invokeStatic(Ljava/lang/Object;J)Ljava/lang/Object;> (0x000000074cfc0800) thrown at [./open/src/hotspot/share/interpreter/linkResolver.cpp, line 772
Event: 1.045 Thread 0x000002e7f394e000 Exception <a 'java/lang/NoSuchMethodError'{0x000000074cfd1ab8}: java.lang.invoke.DirectMethodHandle$Holder.invokeStaticInit(Ljava/lang/Object;Ljava/lang/Object;JLjava/lang/Object;)Ljava/lang/Object;> (0x000000074cfd1ab8) thrown at [./open/src/hotspot/shar
Event: 1.046 Thread 0x000002e7f394e000 Exception <a 'java/lang/NoSuchMethodError'{0x000000074cfd79a0}: java.lang.invoke.DirectMethodHandle$Holder.invokeStatic(Ljava/lang/Object;Ljava/lang/Object;J)Ljava/lang/Object;> (0x000000074cfd79a0) thrown at [./open/src/hotspot/share/interpreter/linkReso
Event: 1.047 Thread 0x000002e7f394e000 Exception <a 'java/lang/NoSuchMethodError'{0x000000074cfddc70}: java.lang.invoke.Invokers$Holder.linkToTargetMethod(Ljava/lang/Object;JLjava/lang/Object;)Ljava/lang/Object;> (0x000000074cfddc70) thrown at [./open/src/hotspot/share/interpreter/linkResolver

Events (10 events):
Event: 1.205 loading class java/util/Spliterators$1Adapter
Event: 1.205 loading class java/util/Spliterators$1Adapter done
Event: 1.207 loading class jdk/internal/module/Resources
Event: 1.207 loading class jdk/internal/module/Resources done
Event: 1.207 loading class jdk/internal/loader/BuiltinClassLoader$2
Event: 1.208 loading class jdk/internal/loader/BuiltinClassLoader$2 done
Event: 1.209 loading class jdk/internal/loader/BuiltinClassLoader$1
Event: 1.209 loading class jdk/internal/loader/BuiltinClassLoader$1 done
Event: 1.212 loading class java/lang/CompoundEnumeration
Event: 1.212 loading class java/lang/CompoundEnumeration done


Dynamic libraries:
0x00007ff7c9d20000 - 0x00007ff7c9d2f000 	C:\Program Files\Java\jdk-11.0.12\bin\java.exe
0x00007ffd8bc90000 - 0x00007ffd8be85000 	C:\Windows\SYSTEM32\ntdll.dll
0x00007ffd82cd0000 - 0x00007ffd82ce5000 	C:\Program Files\Avast Software\Avast\aswhook.dll
0x00007ffd8bab0000 - 0x00007ffd8bb6e000 	C:\Windows\System32\KERNEL32.DLL
0x00007ffd89660000 - 0x00007ffd89928000 	C:\Windows\System32\KERNELBASE.dll
0x00007ffd89510000 - 0x00007ffd89610000 	C:\Windows\System32\ucrtbase.dll
0x00007ffd81670000 - 0x00007ffd81685000 	C:\Program Files\Java\jdk-11.0.12\bin\VCRUNTIME140.dll
0x00007ffd85140000 - 0x00007ffd85158000 	C:\Program Files\Java\jdk-11.0.12\bin\jli.dll
0x00007ffd8bb70000 - 0x00007ffd8bc1c000 	C:\Windows\System32\ADVAPI32.dll
0x00007ffd89e10000 - 0x00007ffd89eae000 	C:\Windows\System32\msvcrt.dll
0x00007ffd8aa50000 - 0x00007ffd8aaeb000 	C:\Windows\System32\sechost.dll
0x00007ffd89ce0000 - 0x00007ffd89e0a000 	C:\Windows\System32\RPCRT4.dll
0x00007ffd8a770000 - 0x00007ffd8a911000 	C:\Windows\System32\USER32.dll
0x00007ffd799c0000 - 0x00007ffd79c5a000 	C:\Windows\WinSxS\amd64_microsoft.windows.common-controls_6595b64144ccf1df_6.0.19041.1110_none_60b5254171f9507e\COMCTL32.dll
0x00007ffd894e0000 - 0x00007ffd89502000 	C:\Windows\System32\win32u.dll
0x00007ffd8ba60000 - 0x00007ffd8ba8b000 	C:\Windows\System32\GDI32.dll
0x00007ffd89930000 - 0x00007ffd89a3b000 	C:\Windows\System32\gdi32full.dll
0x00007ffd89440000 - 0x00007ffd894dd000 	C:\Windows\System32\msvcp_win.dll
0x00007ffd81830000 - 0x00007ffd8183a000 	C:\Windows\SYSTEM32\VERSION.dll
0x00007ffd8bc20000 - 0x00007ffd8bc50000 	C:\Windows\System32\IMM32.DLL
0x00007ffd7aea0000 - 0x00007ffd7af3b000 	C:\Program Files\Java\jdk-11.0.12\bin\msvcp140.dll
0x00007ffd54880000 - 0x00007ffd5537f000 	C:\Program Files\Java\jdk-11.0.12\bin\server\jvm.dll
0x00007ffd8b2d0000 - 0x00007ffd8b2d8000 	C:\Windows\System32\PSAPI.DLL
0x00007ffd77c30000 - 0x00007ffd77c39000 	C:\Windows\SYSTEM32\WSOCK32.dll
0x00007ffd8b3d0000 - 0x00007ffd8b43b000 	C:\Windows\System32\WS2_32.dll
0x00007ffd710a0000 - 0x00007ffd710c7000 	C:\Windows\SYSTEM32\WINMM.dll
0x00007ffd872b0000 - 0x00007ffd872c2000 	C:\Windows\SYSTEM32\kernel.appcore.dll
0x00007ffd850f0000 - 0x00007ffd85100000 	C:\Program Files\Java\jdk-11.0.12\bin\verify.dll
0x00007ffd80940000 - 0x00007ffd80b24000 	C:\Windows\SYSTEM32\DBGHELP.DLL
0x00007ffd806b0000 - 0x00007ffd806dc000 	C:\Windows\SYSTEM32\dbgcore.DLL
0x00007ffd893b0000 - 0x00007ffd89433000 	C:\Windows\System32\bcryptPrimitives.dll
0x00007ffd7fbc0000 - 0x00007ffd7fbe8000 	C:\Program Files\Java\jdk-11.0.12\bin\java.dll
0x00007ffd80b90000 - 0x00007ffd80b9a000 	C:\Program Files\Java\jdk-11.0.12\bin\jimage.dll
0x00007ffd7f7c0000 - 0x00007ffd7f7ce000 	C:\Program Files\Java\jdk-11.0.12\bin\instrument.dll
0x00007ffd7f850000 - 0x00007ffd7f866000 	C:\Program Files\Java\jdk-11.0.12\bin\zip.dll
0x00007ffd89eb0000 - 0x00007ffd8a5ef000 	C:\Windows\System32\SHELL32.dll
0x00007ffd874b0000 - 0x00007ffd87c40000 	C:\Windows\SYSTEM32\windows.storage.dll
0x00007ffd8af70000 - 0x00007ffd8b2c5000 	C:\Windows\System32\combase.dll
0x00007ffd88e00000 - 0x00007ffd88e2e000 	C:\Windows\SYSTEM32\Wldp.dll
0x00007ffd8b700000 - 0x00007ffd8b7ad000 	C:\Windows\System32\SHCORE.dll
0x00007ffd8a710000 - 0x00007ffd8a765000 	C:\Windows\System32\shlwapi.dll
0x00007ffd892f0000 - 0x00007ffd8930f000 	C:\Windows\SYSTEM32\profapi.dll
0x00007ffd7f820000 - 0x00007ffd7f839000 	C:\Program Files\Java\jdk-11.0.12\bin\net.dll
0x00007ffd79400000 - 0x00007ffd7950c000 	C:\Windows\SYSTEM32\WINHTTP.dll
0x00007ffd88b60000 - 0x00007ffd88bca000 	C:\Windows\system32\mswsock.dll
0x00007ffd7f7d0000 - 0x00007ffd7f7e2000 	C:\Program Files\Java\jdk-11.0.12\bin\nio.dll
0x00007ffd721c0000 - 0x00007ffd721d7000 	C:\Windows\system32\napinsp.dll
0x00007ffd721a0000 - 0x00007ffd721bb000 	C:\Windows\system32\pnrpnsp.dll
0x00007ffd82fb0000 - 0x00007ffd82fc5000 	C:\Windows\system32\wshbth.dll
0x00007ffd85180000 - 0x00007ffd8519d000 	C:\Windows\system32\NLAapi.dll
0x00007ffd88800000 - 0x00007ffd8883b000 	C:\Windows\SYSTEM32\IPHLPAPI.DLL
0x00007ffd88850000 - 0x00007ffd8891b000 	C:\Windows\SYSTEM32\DNSAPI.dll
0x00007ffd8b3b0000 - 0x00007ffd8b3b8000 	C:\Windows\System32\NSI.dll
0x00007ffd72180000 - 0x00007ffd72192000 	C:\Windows\System32\winrnr.dll
0x0000000067fe0000 - 0x0000000068006000 	C:\Program Files\Bonjour\mdnsNSP.dll
0x00007ffd78720000 - 0x00007ffd7872a000 	C:\Windows\System32\rasadhlp.dll
0x00007ffd79740000 - 0x00007ffd797bf000 	C:\Windows\System32\fwpuclnt.dll
0x00007ffd89aa0000 - 0x00007ffd89ac7000 	C:\Windows\System32\bcrypt.dll
0x00007ffd7f810000 - 0x00007ffd7f819000 	C:\Program Files\Java\jdk-11.0.12\bin\management.dll
0x00007ffd7f7a0000 - 0x00007ffd7f7ab000 	C:\Program Files\Java\jdk-11.0.12\bin\management_ext.dll

dbghelp: loaded successfully - version: 4.0.5 - missing functions: none
symbol engine: initialized successfully - sym options: 0x614 - pdb path: .;C:\Program Files\Java\jdk-11.0.12\bin;C:\Windows\SYSTEM32;C:\Program Files\Avast Software\Avast;C:\Windows\WinSxS\amd64_microsoft.windows.common-controls_6595b64144ccf1df_6.0.19041.1110_none_60b5254171f9507e;C:\Program Files\Java\jdk-11.0.12\bin\server;C:\Program Files\Bonjour

VM Arguments:
jvm_args: -javaagent:C:\\Users\\Ilnur\\.m2\\repository\\org\\jacoco\\org.jacoco.agent\\0.8.5\\org.jacoco.agent-0.8.5-runtime.jar=destfile=C:\\MavenProjects\\Radio\\target\\jacoco.exec 
java_command: C:\Users\Ilnur\AppData\Local\Temp\surefire17608352881452009710\surefirebooter13405468606639498775.jar C:\Users\Ilnur\AppData\Local\Temp\surefire17608352881452009710 2021-11-22T09-44-23_457-jvmRun1 surefire9159466305985775698tmp surefire_015439398348210332230tmp
java_class_path (initial): C:\Users\Ilnur\AppData\Local\Temp\surefire17608352881452009710\surefirebooter13405468606639498775.jar
Launcher Type: SUN_STANDARD

[Global flags]
     intx CICompilerCount                          = 3                                         {product} {ergonomic}
     uint ConcGCThreads                            = 1                                         {product} {ergonomic}
     uint G1ConcRefinementThreads                  = 4                                         {product} {ergonomic}
   size_t G1HeapRegionSize                         = 1048576                                   {product} {ergonomic}
    uintx GCDrainStackTargetSize                   = 64                                        {product} {ergonomic}
   size_t InitialHeapSize                          = 201326592                                 {product} {ergonomic}
   size_t MarkStackSize                            = 4194304                                   {product} {ergonomic}
   size_t MaxHeapSize                              = 3200253952                                {product} {ergonomic}
   size_t MaxNewSize                               = 1919942656                                {product} {ergonomic}
   size_t MinHeapDeltaBytes                        = 1048576                                   {product} {ergonomic}
    uintx NonNMethodCodeHeapSize                   = 5830732                                {pd product} {ergonomic}
    uintx NonProfiledCodeHeapSize                  = 122913754                              {pd product} {ergonomic}
    uintx ProfiledCodeHeapSize                     = 122913754                              {pd product} {ergonomic}
    uintx ReservedCodeCacheSize                    = 251658240                              {pd product} {ergonomic}
     bool SegmentedCodeCache                       = true                                      {product} {ergonomic}
     bool UseCompressedClassPointers               = true                                 {lp64_product} {ergonomic}
     bool UseCompressedOops                        = true                                 {lp64_product} {ergonomic}
     bool UseG1GC                                  = true                                      {product} {ergonomic}
     bool UseLargePagesIndividualAllocation        = false                                  {pd product} {ergonomic}

Logging:
Log output configuration:
 #0: stdout all=warning uptime,level,tags
 #1: stderr all=off uptime,level,tags

Environment Variables:
PATH=C:\Program Files\Common Files\Oracle\Java\javapath;C:\Program Files\AdoptOpenJDK\jdk-11.0.11.9-hotspot\bin;C:\Windows\system32;C:\Windows;C:\Windows\System32\Wbem;C:\Windows\System32\WindowsPowerShell\v1.0\;C:\Windows\System32\OpenSSH\;C:\Program Files (x86)\NoteBook FanControl\;C:\Program Files\dotnet\;C:\Program Files\Microsoft SQL Server\130\Tools\Binn\;C:\Program Files\Git\cmd;C:\Users\Ilnur\AppData\Local\Programs\Python\Python37\Scripts\;C:\Users\Ilnur\AppData\Local\Programs\Python\Python37\;C:\Users\Ilnur\AppData\Local\Microsoft\WindowsApps;C:\Users\Ilnur\.dotnet\tools;C:\Program Files\JetBrains\IntelliJ IDEA Community Edition 2021.1.1\bin;C:\Users\Ilnur\AppData\Local\Programs\Microsoft VS Code\bin
USERNAME=Ilnur
OS=Windows_NT
PROCESSOR_IDENTIFIER=Intel64 Family 6 Model 61 Stepping 4, GenuineIntel



---------------  S Y S T E M  ---------------

OS: Windows 10 , 64 bit Build 19041 (10.0.19041.1348)

CPU:total 4 (initial active 4) (2 cores per cpu, 2 threads per core) family 6 model 61 stepping 4 microcode 0x2d, cmov, cx8, fxsr, mmx, sse, sse2, sse3, ssse3, sse4.1, sse4.2, popcnt, avx, avx2, aes, clmul, erms, 3dnowpref, lzcnt, ht, tsc, tscinvbit, bmi1, bmi2, adx, fma

Memory: 4k page, system-wide physical 12207M (3451M free)
TotalPageFile size 12207M (AvailPageFile size 10M)
current process WorkingSet (physical memory assigned to process): 86M, peak: 86M
current process commit charge ("private bytes"): 296M, peak: 296M

vm_info: Java HotSpot(TM) 64-Bit Server VM (11.0.12+8-LTS-237) for windows-amd64 JRE (11.0.12+8-LTS-237), built on Jun  8 2021 11:25:59 by "mach5one" with MS VC++ 15.9 (VS2017)

END.
